<?xml version="1.0" encoding="UTF-8"?>
<!-- Generated by org.testng.reporters.JUnitReportReporter -->
<testsuite skipped="0" hostname="Mahakaal" name="com.rs.print_pdf.MultiPrinting" tests="1" failures="0" timestamp="2021-02-19T00:41:02 EST" time="43.130" errors="0">
  <testcase name="tc_0001" time="43.130" classname="com.rs.print_pdf.MultiPrinting"/>
  <system-out/>
</testsuite> <!-- com.rs.print_pdf.MultiPrinting -->
